# JRE version: OpenJDK Runtime Environment (8.0_202) (build 1.8.0_202-release-1483-b49-5587405)
# Java VM: OpenJDK 64-Bit Server VM (25.202-b49-5587405 mixed mode linux-amd64 compressed oops)
Heap:
 PSYoungGen      total 131584K, used 129832K [0x00000000e0000000, 0x00000000eb000000, 0x0000000100000000)
  eden space 119296K, 98% used [0x00000000e0000000,0x00000000e72d20a8,0x00000000e7480000)
  from space 12288K, 99% used [0x00000000e7480000,0x00000000e80780f0,0x00000000e8080000)
  to   space 15360K, 0% used [0x00000000ea100000,0x00000000ea100000,0x00000000eb000000)
 ParOldGen       total 54784K, used 18703K [0x00000000a0000000, 0x00000000a3580000, 0x00000000e0000000)
  object space 54784K, 34% used [0x00000000a0000000,0x00000000a1243cd8,0x00000000a3580000)
 Metaspace       used 52999K, capacity 54474K, committed 54744K, reserved 1095680K
  class space    used 7238K, capacity 7615K, committed 7680K, reserved 1048576K
GC Heap History (10 events):
Event: 23.349 GC heap before
{Heap before GC invocations=9 (full 1):
 PSYoungGen      total 67584K, used 60416K [0x00000000e0000000, 0x00000000e8900000, 0x0000000100000000)
  eden space 60416K, 100% used [0x00000000e0000000,0x00000000e3b00000,0x00000000e3b00000)
  from space 7168K, 0% used [0x00000000e3b00000,0x00000000e3b00000,0x00000000e4200000)
  to   space 9728K, 0% used [0x00000000e7f80000,0x00000000e7f80000,0x00000000e8900000)
 ParOldGen       total 37376K, used 10751K [0x00000000a0000000, 0x00000000a2480000, 0x00000000e0000000)
  object space 37376K, 28% used [0x00000000a0000000,0x00000000a0a7fed0,0x00000000a2480000)
 Metaspace       used 28146K, capacity 28626K, committed 28928K, reserved 1075200K
  class space    used 3807K, capacity 3974K, committed 4096K, reserved 1048576K
Event: 23.391 GC heap after
Heap after GC invocations=9 (full 1):
 PSYoungGen      total 99328K, used 7139K [0x00000000e0000000, 0x00000000e8680000, 0x0000000100000000)
  eden space 92160K, 0% used [0x00000000e0000000,0x00000000e0000000,0x00000000e5a00000)
  from space 7168K, 99% used [0x00000000e7f80000,0x00000000e8678d28,0x00000000e8680000)
  to   space 10240K, 0% used [0x00000000e7280000,0x00000000e7280000,0x00000000e7c80000)
 ParOldGen       total 37376K, used 10759K [0x00000000a0000000, 0x00000000a2480000, 0x00000000e0000000)
  object space 37376K, 28% used [0x00000000a0000000,0x00000000a0a81ed0,0x00000000a2480000)
 Metaspace       used 28146K, capacity 28626K, committed 28928K, reserved 1075200K
  class space    used 3807K, capacity 3974K, committed 4096K, reserved 1048576K
}
Event: 30.687 GC heap before
{Heap before GC invocations=10 (full 1):
 PSYoungGen      total 99328K, used 99299K [0x00000000e0000000, 0x00000000e8680000, 0x0000000100000000)
  eden space 92160K, 100% used [0x00000000e0000000,0x00000000e5a00000,0x00000000e5a00000)
  from space 7168K, 99% used [0x00000000e7f80000,0x00000000e8678d28,0x00000000e8680000)
  to   space 10240K, 0% used [0x00000000e7280000,0x00000000e7280000,0x00000000e7c80000)
 ParOldGen       total 37376K, used 10759K [0x00000000a0000000, 0x00000000a2480000, 0x00000000e0000000)
  object space 37376K, 28% used [0x00000000a0000000,0x00000000a0a81ed0,0x00000000a2480000)
 Metaspace       used 33049K, capacity 33548K, committed 33920K, reserved 1079296K
  class space    used 4555K, capacity 4713K, committed 4736K, reserved 1048576K
Event: 30.735 GC heap after
Heap after GC invocations=10 (full 1):
 PSYoungGen      total 127488K, used 10214K [0x00000000e0000000, 0x00000000e8c00000, 0x0000000100000000)
  eden space 117248K, 0% used [0x00000000e0000000,0x00000000e0000000,0x00000000e7280000)
  from space 10240K, 99% used [0x00000000e7280000,0x00000000e7c799d0,0x00000000e7c80000)
  to   space 11776K, 0% used [0x00000000e8080000,0x00000000e8080000,0x00000000e8c00000)
 ParOldGen       total 37376K, used 11204K [0x00000000a0000000, 0x00000000a2480000, 0x00000000e0000000)
  object space 37376K, 29% used [0x00000000a0000000,0x00000000a0af1248,0x00000000a2480000)
 Metaspace       used 33049K, capacity 33548K, committed 33920K, reserved 1079296K
  class space    used 4555K, capacity 4713K, committed 4736K, reserved 1048576K
}
Event: 33.245 GC heap before
{Heap before GC invocations=11 (full 1):
 PSYoungGen      total 127488K, used 42479K [0x00000000e0000000, 0x00000000e8c00000, 0x0000000100000000)
  eden space 117248K, 27% used [0x00000000e0000000,0x00000000e1f82520,0x00000000e7280000)
  from space 10240K, 99% used [0x00000000e7280000,0x00000000e7c799d0,0x00000000e7c80000)
  to   space 11776K, 0% used [0x00000000e8080000,0x00000000e8080000,0x00000000e8c00000)
 ParOldGen       total 37376K, used 11204K [0x00000000a0000000, 0x00000000a2480000, 0x00000000e0000000)
  object space 37376K, 29% used [0x00000000a0000000,0x00000000a0af1248,0x00000000a2480000)
 Metaspace       used 34627K, capacity 35260K, committed 35416K, reserved 1079296K
  class space    used 4756K, capacity 4935K, committed 4992K, reserved 1048576K
Event: 33.321 GC heap after
Heap after GC invocations=11 (full 1):
 PSYoungGen      total 131072K, used 9213K [0x00000000e0000000, 0x00000000eb300000, 0x0000000100000000)
  eden space 119296K, 0% used [0x00000000e0000000,0x00000000e0000000,0x00000000e7480000)
  from space 11776K, 78% used [0x00000000e8080000,0x00000000e897f5b0,0x00000000e8c00000)
  to   space 12288K, 0% used [0x00000000e7480000,0x00000000e7480000,0x00000000e8080000)
 ParOldGen       total 37376K, used 11212K [0x00000000a0000000, 0x00000000a2480000, 0x00000000e0000000)
  object space 37376K, 29% used [0x00000000a0000000,0x00000000a0af3248,0x00000000a2480000)
 Metaspace       used 34627K, capacity 35260K, committed 35416K, reserved 1079296K
  class space    used 4756K, capacity 4935K, committed 4992K, reserved 1048576K
}
Event: 33.321 GC heap before
{Heap before GC invocations=12 (full 2):
 PSYoungGen      total 131072K, used 9213K [0x00000000e0000000, 0x00000000eb300000, 0x0000000100000000)
  eden space 119296K, 0% used [0x00000000e0000000,0x00000000e0000000,0x00000000e7480000)
  from space 11776K, 78% used [0x00000000e8080000,0x00000000e897f5b0,0x00000000e8c00000)
  to   space 12288K, 0% used [0x00000000e7480000,0x00000000e7480000,0x00000000e8080000)
 ParOldGen       total 37376K, used 11212K [0x00000000a0000000, 0x00000000a2480000, 0x00000000e0000000)
  object space 37376K, 29% used [0x00000000a0000000,0x00000000a0af3248,0x00000000a2480000)
 Metaspace       used 34627K, capacity 35260K, committed 35416K, reserved 1079296K
  class space    used 4756K, capacity 4935K, committed 4992K, reserved 1048576K
Event: 33.737 GC heap after
Heap after GC invocations=12 (full 2):
 PSYoungGen      total 131072K, used 0K [0x00000000e0000000, 0x00000000eb300000, 0x0000000100000000)
  eden space 119296K, 0% used [0x00000000e0000000,0x00000000e0000000,0x00000000e7480000)
  from space 11776K, 0% used [0x00000000e8080000,0x00000000e8080000,0x00000000e8c00000)
  to   space 12288K, 0% used [0x00000000e7480000,0x00000000e7480000,0x00000000e8080000)
 ParOldGen       total 54784K, used 15786K [0x00000000a0000000, 0x00000000a3580000, 0x00000000e0000000)
  object space 54784K, 28% used [0x00000000a0000000,0x00000000a0f6abc8,0x00000000a3580000)
 Metaspace       used 34621K, capacity 35242K, committed 35416K, reserved 1079296K
  class space    used 4755K, capacity 4932K, committed 4992K, reserved 1048576K
}
Event: 44.817 GC heap before
{Heap before GC invocations=13 (full 2):
 PSYoungGen      total 131072K, used 119296K [0x00000000e0000000, 0x00000000eb300000, 0x0000000100000000)
  eden space 119296K, 100% used [0x00000000e0000000,0x00000000e7480000,0x00000000e7480000)
  from space 11776K, 0% used [0x00000000e8080000,0x00000000e8080000,0x00000000e8c00000)
  to   space 12288K, 0% used [0x00000000e7480000,0x00000000e7480000,0x00000000e8080000)
 ParOldGen       total 54784K, used 15786K [0x00000000a0000000, 0x00000000a3580000, 0x00000000e0000000)
  object space 54784K, 28% used [0x00000000a0000000,0x00000000a0f6abc8,0x00000000a3580000)
 Metaspace       used 45070K, capacity 45946K, committed 46296K, reserved 1089536K
  class space    used 6088K, capacity 6364K, committed 6400K, reserved 1048576K
Event: 44.914 GC heap after
Heap after GC invocations=13 (full 2):
 PSYoungGen      total 131584K, used 12256K [0x00000000e0000000, 0x00000000eb000000, 0x0000000100000000)
  eden space 119296K, 0% used [0x00000000e0000000,0x00000000e0000000,0x00000000e7480000)
  from space 12288K, 99% used [0x00000000e7480000,0x00000000e80780f0,0x00000000e8080000)
  to   space 15360K, 0% used [0x00000000ea100000,0x00000000ea100000,0x00000000eb000000)
 ParOldGen       total 54784K, used 18703K [0x00000000a0000000, 0x00000000a3580000, 0x00000000e0000000)
  object space 54784K, 34% used [0x00000000a0000000,0x00000000a1243cd8,0x00000000a3580000)
 Metaspace       used 45070K, capacity 45946K, committed 46296K, reserved 1089536K
  class space    used 6088K, capacity 6364K, committed 6400K, reserved 1048576K
}

