# JRE version: OpenJDK Runtime Environment (8.0_152) (build 1.8.0_152-release-1343-b16-5323222)
# Java VM: OpenJDK 64-Bit Server VM (25.152-b16-5323222 mixed mode linux-amd64 compressed oops)
Heap:
 PSYoungGen      total 279040K, used 169626K [0x00000000e0000000, 0x00000000f3e00000, 0x0000000100000000)
  eden space 261120K, 58% used [0x00000000e0000000,0x00000000e9452748,0x00000000eff00000)
  from space 17920K, 99% used [0x00000000f0b00000,0x00000000f1c54330,0x00000000f1c80000)
  to   space 32256K, 0% used [0x00000000f1e80000,0x00000000f1e80000,0x00000000f3e00000)
 ParOldGen       total 136704K, used 54980K [0x00000000a0000000, 0x00000000a8580000, 0x00000000e0000000)
  object space 136704K, 40% used [0x00000000a0000000,0x00000000a35b1038,0x00000000a8580000)
 Metaspace       used 93359K, capacity 97670K, committed 97816K, reserved 1134592K
  class space    used 11682K, capacity 12539K, committed 12592K, reserved 1048576K
GC Heap History (10 events):
Event: 5863.655 GC heap before
{Heap before GC invocations=25 (full 4):
 PSYoungGen      total 312320K, used 297276K [0x00000000e0000000, 0x00000000f5780000, 0x0000000100000000)
  eden space 274944K, 99% used [0x00000000e0000000,0x00000000f0c7f148,0x00000000f0c80000)
  from space 37376K, 59% used [0x00000000f3180000,0x00000000f474ff78,0x00000000f5600000)
  to   space 37888K, 0% used [0x00000000f0c80000,0x00000000f0c80000,0x00000000f3180000)
 ParOldGen       total 136704K, used 54948K [0x00000000a0000000, 0x00000000a8580000, 0x00000000e0000000)
  object space 136704K, 40% used [0x00000000a0000000,0x00000000a35a9038,0x00000000a8580000)
 Metaspace       used 90732K, capacity 94470K, committed 94744K, reserved 1132544K
  class space    used 11540K, capacity 12287K, committed 12336K, reserved 1048576K
Event: 5863.698 GC heap after
Heap after GC invocations=25 (full 4):
 PSYoungGen      total 312832K, used 12988K [0x00000000e0000000, 0x00000000f6b80000, 0x0000000100000000)
  eden space 274944K, 0% used [0x00000000e0000000,0x00000000e0000000,0x00000000f0c80000)
  from space 37888K, 34% used [0x00000000f0c80000,0x00000000f192f1d0,0x00000000f3180000)
  to   space 36352K, 0% used [0x00000000f4800000,0x00000000f4800000,0x00000000f6b80000)
 ParOldGen       total 136704K, used 54956K [0x00000000a0000000, 0x00000000a8580000, 0x00000000e0000000)
  object space 136704K, 40% used [0x00000000a0000000,0x00000000a35ab038,0x00000000a8580000)
 Metaspace       used 90732K, capacity 94470K, committed 94744K, reserved 1132544K
  class space    used 11540K, capacity 12287K, committed 12336K, reserved 1048576K
}
Event: 6060.132 GC heap before
{Heap before GC invocations=26 (full 4):
 PSYoungGen      total 312832K, used 287932K [0x00000000e0000000, 0x00000000f6b80000, 0x0000000100000000)
  eden space 274944K, 100% used [0x00000000e0000000,0x00000000f0c80000,0x00000000f0c80000)
  from space 37888K, 34% used [0x00000000f0c80000,0x00000000f192f1d0,0x00000000f3180000)
  to   space 36352K, 0% used [0x00000000f4800000,0x00000000f4800000,0x00000000f6b80000)
 ParOldGen       total 136704K, used 54956K [0x00000000a0000000, 0x00000000a8580000, 0x00000000e0000000)
  object space 136704K, 40% used [0x00000000a0000000,0x00000000a35ab038,0x00000000a8580000)
 Metaspace       used 91473K, capacity 95288K, committed 95640K, reserved 1132544K
  class space    used 11571K, capacity 12344K, committed 12464K, reserved 1048576K
Event: 6060.184 GC heap after
Heap after GC invocations=26 (full 4):
 PSYoungGen      total 281088K, used 16586K [0x00000000e0000000, 0x00000000f5880000, 0x0000000100000000)
  eden space 264192K, 0% used [0x00000000e0000000,0x00000000e0000000,0x00000000f0200000)
  from space 16896K, 98% used [0x00000000f4800000,0x00000000f5832990,0x00000000f5880000)
  to   space 34816K, 0% used [0x00000000f1480000,0x00000000f1480000,0x00000000f3680000)
 ParOldGen       total 136704K, used 54964K [0x00000000a0000000, 0x00000000a8580000, 0x00000000e0000000)
  object space 136704K, 40% used [0x00000000a0000000,0x00000000a35ad038,0x00000000a8580000)
 Metaspace       used 91473K, capacity 95288K, committed 95640K, reserved 1132544K
  class space    used 11571K, capacity 12344K, committed 12464K, reserved 1048576K
}
Event: 6063.945 GC heap before
{Heap before GC invocations=27 (full 4):
 PSYoungGen      total 281088K, used 280778K [0x00000000e0000000, 0x00000000f5880000, 0x0000000100000000)
  eden space 264192K, 100% used [0x00000000e0000000,0x00000000f0200000,0x00000000f0200000)
  from space 16896K, 98% used [0x00000000f4800000,0x00000000f5832990,0x00000000f5880000)
  to   space 34816K, 0% used [0x00000000f1480000,0x00000000f1480000,0x00000000f3680000)
 ParOldGen       total 136704K, used 54964K [0x00000000a0000000, 0x00000000a8580000, 0x00000000e0000000)
  object space 136704K, 40% used [0x00000000a0000000,0x00000000a35ad038,0x00000000a8580000)
 Metaspace       used 91927K, capacity 95868K, committed 96152K, reserved 1132544K
  class space    used 11596K, capacity 12384K, committed 12464K, reserved 1048576K
Event: 6064.008 GC heap after
Heap after GC invocations=27 (full 4):
 PSYoungGen      total 317952K, used 20869K [0x00000000e0000000, 0x00000000f5c80000, 0x0000000100000000)
  eden space 283136K, 0% used [0x00000000e0000000,0x00000000e0000000,0x00000000f1480000)
  from space 34816K, 59% used [0x00000000f1480000,0x00000000f28e1670,0x00000000f3680000)
  to   space 34816K, 0% used [0x00000000f3a80000,0x00000000f3a80000,0x00000000f5c80000)
 ParOldGen       total 136704K, used 54964K [0x00000000a0000000, 0x00000000a8580000, 0x00000000e0000000)
  object space 136704K, 40% used [0x00000000a0000000,0x00000000a35ad038,0x00000000a8580000)
 Metaspace       used 91927K, capacity 95868K, committed 96152K, reserved 1132544K
  class space    used 11596K, capacity 12384K, committed 12464K, reserved 1048576K
}
Event: 8708.647 GC heap before
{Heap before GC invocations=28 (full 4):
 PSYoungGen      total 317952K, used 304005K [0x00000000e0000000, 0x00000000f5c80000, 0x0000000100000000)
  eden space 283136K, 100% used [0x00000000e0000000,0x00000000f1480000,0x00000000f1480000)
  from space 34816K, 59% used [0x00000000f1480000,0x00000000f28e1670,0x00000000f3680000)
  to   space 34816K, 0% used [0x00000000f3a80000,0x00000000f3a80000,0x00000000f5c80000)
 ParOldGen       total 136704K, used 54964K [0x00000000a0000000, 0x00000000a8580000, 0x00000000e0000000)
  object space 136704K, 40% used [0x00000000a0000000,0x00000000a35ad038,0x00000000a8580000)
 Metaspace       used 92553K, capacity 96588K, committed 96664K, reserved 1134592K
  class space    used 11631K, capacity 12448K, committed 12464K, reserved 1048576K
Event: 8708.694 GC heap after
Heap after GC invocations=28 (full 4):
 PSYoungGen      total 290816K, used 18509K [0x00000000e0000000, 0x00000000f4d00000, 0x0000000100000000)
  eden space 271872K, 0% used [0x00000000e0000000,0x00000000e0000000,0x00000000f0980000)
  from space 18944K, 97% used [0x00000000f3a80000,0x00000000f4c934c0,0x00000000f4d00000)
  to   space 33792K, 0% used [0x00000000f0b00000,0x00000000f0b00000,0x00000000f2c00000)
 ParOldGen       total 136704K, used 54972K [0x00000000a0000000, 0x00000000a8580000, 0x00000000e0000000)
  object space 136704K, 40% used [0x00000000a0000000,0x00000000a35af038,0x00000000a8580000)
 Metaspace       used 92553K, capacity 96588K, committed 96664K, reserved 1134592K
  class space    used 11631K, capacity 12448K, committed 12464K, reserved 1048576K
}
Event: 11091.885 GC heap before
{Heap before GC invocations=29 (full 4):
 PSYoungGen      total 290816K, used 290381K [0x00000000e0000000, 0x00000000f4d00000, 0x0000000100000000)
  eden space 271872K, 100% used [0x00000000e0000000,0x00000000f0980000,0x00000000f0980000)
  from space 18944K, 97% used [0x00000000f3a80000,0x00000000f4c934c0,0x00000000f4d00000)
  to   space 33792K, 0% used [0x00000000f0b00000,0x00000000f0b00000,0x00000000f2c00000)
 ParOldGen       total 136704K, used 54972K [0x00000000a0000000, 0x00000000a8580000, 0x00000000e0000000)
  object space 136704K, 40% used [0x00000000a0000000,0x00000000a35af038,0x00000000a8580000)
 Metaspace       used 93209K, capacity 97458K, committed 97560K, reserved 1134592K
  class space    used 11681K, capacity 12537K, committed 12592K, reserved 1048576K
Event: 11091.932 GC heap after
Heap after GC invocations=29 (full 4):
 PSYoungGen      total 279040K, used 17744K [0x00000000e0000000, 0x00000000f3e00000, 0x0000000100000000)
  eden space 261120K, 0% used [0x00000000e0000000,0x00000000e0000000,0x00000000eff00000)
  from space 17920K, 99% used [0x00000000f0b00000,0x00000000f1c54330,0x00000000f1c80000)
  to   space 32256K, 0% used [0x00000000f1e80000,0x00000000f1e80000,0x00000000f3e00000)
 ParOldGen       total 136704K, used 54980K [0x00000000a0000000, 0x00000000a8580000, 0x00000000e0000000)
  object space 136704K, 40% used [0x00000000a0000000,0x00000000a35b1038,0x00000000a8580000)
 Metaspace       used 93209K, capacity 97458K, committed 97560K, reserved 1134592K
  class space    used 11681K, capacity 12537K, committed 12592K, reserved 1048576K
}

