# JRE version: OpenJDK Runtime Environment (8.0_202) (build 1.8.0_202-release-1483-b49-5587405)
# Java VM: OpenJDK 64-Bit Server VM (25.202-b49-5587405 mixed mode linux-amd64 compressed oops)
Heap:
 PSYoungGen      total 131072K, used 119296K [0x00000000e0000000, 0x00000000eba00000, 0x0000000100000000)
  eden space 119296K, 100% used [0x00000000e0000000,0x00000000e7480000,0x00000000e7480000)
  from space 11776K, 0% used [0x00000000e8100000,0x00000000e8100000,0x00000000e8c80000)
  to   space 12800K, 57% used [0x00000000e7480000,0x00000000e7bb3310,0x00000000e8100000)
 ParOldGen       total 105472K, used 16156K [0x00000000a0000000, 0x00000000a6700000, 0x00000000e0000000)
  object space 105472K, 15% used [0x00000000a0000000,0x00000000a0fc70e0,0x00000000a6700000)
 Metaspace       used 45018K, capacity 45920K, committed 46296K, reserved 1089536K
  class space    used 6074K, capacity 6330K, committed 6400K, reserved 1048576K
GC Heap History (10 events):
Event: 13.594 GC heap after
Heap after GC invocations=6 (full 1):
 PSYoungGen      total 67584K, used 0K [0x00000000e0000000, 0x00000000e9100000, 0x0000000100000000)
  eden space 62464K, 0% used [0x00000000e0000000,0x00000000e0000000,0x00000000e3d00000)
  from space 5120K, 0% used [0x00000000e3d00000,0x00000000e3d00000,0x00000000e4200000)
  to   space 11776K, 0% used [0x00000000e8580000,0x00000000e8580000,0x00000000e9100000)
 ParOldGen       total 66048K, used 10671K [0x00000000a0000000, 0x00000000a4080000, 0x00000000e0000000)
  object space 66048K, 16% used [0x00000000a0000000,0x00000000a0a6bc60,0x00000000a4080000)
 Metaspace       used 20754K, capacity 21112K, committed 21248K, reserved 1067008K
  class space    used 2903K, capacity 3060K, committed 3072K, reserved 1048576K
}
Event: 18.208 GC heap before
{Heap before GC invocations=7 (full 1):
 PSYoungGen      total 67584K, used 62464K [0x00000000e0000000, 0x00000000e9100000, 0x0000000100000000)
  eden space 62464K, 100% used [0x00000000e0000000,0x00000000e3d00000,0x00000000e3d00000)
  from space 5120K, 0% used [0x00000000e3d00000,0x00000000e3d00000,0x00000000e4200000)
  to   space 11776K, 0% used [0x00000000e8580000,0x00000000e8580000,0x00000000e9100000)
 ParOldGen       total 66048K, used 10671K [0x00000000a0000000, 0x00000000a4080000, 0x00000000e0000000)
  object space 66048K, 16% used [0x00000000a0000000,0x00000000a0a6bc60,0x00000000a4080000)
 Metaspace       used 28319K, capacity 28754K, committed 29184K, reserved 1075200K
  class space    used 3823K, capacity 3974K, committed 4096K, reserved 1048576K
Event: 18.237 GC heap after
Heap after GC invocations=7 (full 1):
 PSYoungGen      total 94720K, used 7295K [0x00000000e0000000, 0x00000000e8d00000, 0x0000000100000000)
  eden space 87040K, 0% used [0x00000000e0000000,0x00000000e0000000,0x00000000e5500000)
  from space 7680K, 94% used [0x00000000e8580000,0x00000000e8c9fc30,0x00000000e8d00000)
  to   space 11264K, 0% used [0x00000000e7700000,0x00000000e7700000,0x00000000e8200000)
 ParOldGen       total 66048K, used 10679K [0x00000000a0000000, 0x00000000a4080000, 0x00000000e0000000)
  object space 66048K, 16% used [0x00000000a0000000,0x00000000a0a6dc60,0x00000000a4080000)
 Metaspace       used 28319K, capacity 28754K, committed 29184K, reserved 1075200K
  class space    used 3823K, capacity 3974K, committed 4096K, reserved 1048576K
}
Event: 24.607 GC heap before
{Heap before GC invocations=8 (full 1):
 PSYoungGen      total 94720K, used 94335K [0x00000000e0000000, 0x00000000e8d00000, 0x0000000100000000)
  eden space 87040K, 100% used [0x00000000e0000000,0x00000000e5500000,0x00000000e5500000)
  from space 7680K, 94% used [0x00000000e8580000,0x00000000e8c9fc30,0x00000000e8d00000)
  to   space 11264K, 0% used [0x00000000e7700000,0x00000000e7700000,0x00000000e8200000)
 ParOldGen       total 66048K, used 10679K [0x00000000a0000000, 0x00000000a4080000, 0x00000000e0000000)
  object space 66048K, 16% used [0x00000000a0000000,0x00000000a0a6dc60,0x00000000a4080000)
 Metaspace       used 32835K, capacity 33378K, committed 33664K, reserved 1079296K
  class space    used 4524K, capacity 4702K, committed 4736K, reserved 1048576K
Event: 24.665 GC heap after
Heap after GC invocations=8 (full 1):
 PSYoungGen      total 129536K, used 10205K [0x00000000e0000000, 0x00000000e8c80000, 0x0000000100000000)
  eden space 119296K, 0% used [0x00000000e0000000,0x00000000e0000000,0x00000000e7480000)
  from space 10240K, 99% used [0x00000000e7700000,0x00000000e80f77e8,0x00000000e8100000)
  to   space 11776K, 0% used [0x00000000e8100000,0x00000000e8100000,0x00000000e8c80000)
 ParOldGen       total 66048K, used 10687K [0x00000000a0000000, 0x00000000a4080000, 0x00000000e0000000)
  object space 66048K, 16% used [0x00000000a0000000,0x00000000a0a6fc60,0x00000000a4080000)
 Metaspace       used 32835K, capacity 33378K, committed 33664K, reserved 1079296K
  class space    used 4524K, capacity 4702K, committed 4736K, reserved 1048576K
}
Event: 29.363 GC heap before
{Heap before GC invocations=9 (full 1):
 PSYoungGen      total 129536K, used 45951K [0x00000000e0000000, 0x00000000e8c80000, 0x0000000100000000)
  eden space 119296K, 29% used [0x00000000e0000000,0x00000000e22e8540,0x00000000e7480000)
  from space 10240K, 99% used [0x00000000e7700000,0x00000000e80f77e8,0x00000000e8100000)
  to   space 11776K, 0% used [0x00000000e8100000,0x00000000e8100000,0x00000000e8c80000)
 ParOldGen       total 66048K, used 10687K [0x00000000a0000000, 0x00000000a4080000, 0x00000000e0000000)
  object space 66048K, 16% used [0x00000000a0000000,0x00000000a0a6fc60,0x00000000a4080000)
 Metaspace       used 34637K, capacity 35216K, committed 35416K, reserved 1079296K
  class space    used 4750K, capacity 4901K, committed 4992K, reserved 1048576K
Event: 29.433 GC heap after
Heap after GC invocations=9 (full 1):
 PSYoungGen      total 131072K, used 9575K [0x00000000e0000000, 0x00000000eba00000, 0x0000000100000000)
  eden space 119296K, 0% used [0x00000000e0000000,0x00000000e0000000,0x00000000e7480000)
  from space 11776K, 81% used [0x00000000e8100000,0x00000000e8a59ca0,0x00000000e8c80000)
  to   space 12800K, 0% used [0x00000000e7480000,0x00000000e7480000,0x00000000e8100000)
 ParOldGen       total 66048K, used 10695K [0x00000000a0000000, 0x00000000a4080000, 0x00000000e0000000)
  object space 66048K, 16% used [0x00000000a0000000,0x00000000a0a71c60,0x00000000a4080000)
 Metaspace       used 34637K, capacity 35216K, committed 35416K, reserved 1079296K
  class space    used 4750K, capacity 4901K, committed 4992K, reserved 1048576K
}
Event: 29.433 GC heap before
{Heap before GC invocations=10 (full 2):
 PSYoungGen      total 131072K, used 9575K [0x00000000e0000000, 0x00000000eba00000, 0x0000000100000000)
  eden space 119296K, 0% used [0x00000000e0000000,0x00000000e0000000,0x00000000e7480000)
  from space 11776K, 81% used [0x00000000e8100000,0x00000000e8a59ca0,0x00000000e8c80000)
  to   space 12800K, 0% used [0x00000000e7480000,0x00000000e7480000,0x00000000e8100000)
 ParOldGen       total 66048K, used 10695K [0x00000000a0000000, 0x00000000a4080000, 0x00000000e0000000)
  object space 66048K, 16% used [0x00000000a0000000,0x00000000a0a71c60,0x00000000a4080000)
 Metaspace       used 34637K, capacity 35216K, committed 35416K, reserved 1079296K
  class space    used 4750K, capacity 4901K, committed 4992K, reserved 1048576K
Event: 30.105 GC heap after
Heap after GC invocations=10 (full 2):
 PSYoungGen      total 131072K, used 0K [0x00000000e0000000, 0x00000000eba00000, 0x0000000100000000)
  eden space 119296K, 0% used [0x00000000e0000000,0x00000000e0000000,0x00000000e7480000)
  from space 11776K, 0% used [0x00000000e8100000,0x00000000e8100000,0x00000000e8c80000)
  to   space 12800K, 0% used [0x00000000e7480000,0x00000000e7480000,0x00000000e8100000)
 ParOldGen       total 105472K, used 16148K [0x00000000a0000000, 0x00000000a6700000, 0x00000000e0000000)
  object space 105472K, 15% used [0x00000000a0000000,0x00000000a0fc50e0,0x00000000a6700000)
 Metaspace       used 34635K, capacity 35210K, committed 35416K, reserved 1079296K
  class space    used 4750K, capacity 4900K, committed 4992K, reserved 1048576K
}
Event: 37.925 GC heap before
{Heap before GC invocations=11 (full 2):
 PSYoungGen      total 131072K, used 119296K [0x00000000e0000000, 0x00000000eba00000, 0x0000000100000000)
  eden space 119296K, 100% used [0x00000000e0000000,0x00000000e7480000,0x00000000e7480000)
  from space 11776K, 0% used [0x00000000e8100000,0x00000000e8100000,0x00000000e8c80000)
  to   space 12800K, 0% used [0x00000000e7480000,0x00000000e7480000,0x00000000e8100000)
 ParOldGen       total 105472K, used 16148K [0x00000000a0000000, 0x00000000a6700000, 0x00000000e0000000)
  object space 105472K, 15% used [0x00000000a0000000,0x00000000a0fc50e0,0x00000000a6700000)
 Metaspace       used 45018K, capacity 45920K, committed 46296K, reserved 1089536K
  class space    used 6074K, capacity 6330K, committed 6400K, reserved 1048576K

